<?xml version="1.0" encoding="UTF-8"?>
<!-- Generated by org.testng.reporters.JUnitReportReporter -->
<testsuite skipped="0" hostname="BDC6-L-5465KXY" name="com.tests.NewTest6" tests="1" failures="0" timestamp="27 Jul 2018 04:44:35 GMT" time="0.950" errors="0">
  <testcase name="test" time="0.950" classname="com.tests.NewTest6"/>
</testsuite> <!-- com.tests.NewTest6 -->
