<?xml version="1.0" encoding="UTF-8"?>
<!-- Generated by org.testng.reporters.JUnitReportReporter -->
<testsuite skipped="0" hostname="BDC6-L-5465KXY" name="com.tests.NewTest7" tests="1" failures="0" timestamp="27 Jul 2018 05:15:47 GMT" time="27.013" errors="0">
  <testcase name="testLogin" time="27.013" classname="com.tests.NewTest7"/>
</testsuite> <!-- com.tests.NewTest7 -->
